Using pre-set license
Built from '2020.3/staging' branch; Version is '2020.3.11f1 (99c7afb366b3) revision 10078127'; Using compiler version '192528614'; Build Type 'Release'
OS: 'Windows 10 Pro; OS build 19042.985; Version 2009; 64bit' Language: 'en' Physical Memory: 40367 MB
BatchMode: 1, IsHumanControllingUs: 0, StartBugReporterOnCrash: 0, Is64bit: 1, IsPro: 0

 COMMAND LINE ARGUMENTS:
C:\Program Files\Unity\Hub\Editor\2020.3.11f1\Editor\Unity.exe
-adb2
-batchMode
-noUpm
-name
AssetImportWorker0
-projectPath
C:/Users/Oliver Montor/Desktop/deviget/Connect 4
-logFile
Logs/AssetImportWorker0.log
-srvPort
63019
Successfully changed project path to: C:/Users/Oliver Montor/Desktop/deviget/Connect 4
C:/Users/Oliver Montor/Desktop/deviget/Connect 4
Using Asset Import Pipeline V2.
Refreshing native plugins compatible for Editor in 45.20 ms, found 3 plugins.
Preloading 0 native plugins for Editor in 0.00 ms.
Initialize engine version: 2020.3.11f1 (99c7afb366b3)
[Subsystems] Discovering subsystems at path C:/Program Files/Unity/Hub/Editor/2020.3.11f1/Editor/Data/Resources/UnitySubsystems
[Subsystems] Discovering subsystems at path C:/Users/Oliver Montor/Desktop/deviget/Connect 4/Assets
GfxDevice: creating device client; threaded=0
Direct3D:
    Version:  Direct3D 11.0 [level 11.1]
    Renderer: NVIDIA GeForce GTX 1650 Ti (ID=0x1f95)
    Vendor:   
    VRAM:     3962 MB
    Driver:   27.21.14.6663
Initialize mono
Mono path[0] = 'C:/Program Files/Unity/Hub/Editor/2020.3.11f1/Editor/Data/Managed'
Mono path[1] = 'C:/Program Files/Unity/Hub/Editor/2020.3.11f1/Editor/Data/MonoBleedingEdge/lib/mono/unityjit'
Mono config path = 'C:/Program Files/Unity/Hub/Editor/2020.3.11f1/Editor/Data/MonoBleedingEdge/etc'
Using monoOptions --debugger-agent=transport=dt_socket,embedding=1,server=y,suspend=n,address=127.0.0.1:56436
Begin MonoManager ReloadAssembly
Registering precompiled unity dll's ...
Register platform support module: C:/Program Files/Unity/Hub/Editor/2020.3.11f1/Editor/Data/PlaybackEngines/WindowsStandaloneSupport/UnityEditor.WindowsStandalone.Extensions.dll
Registered in 0.001728 seconds.
Native extension for WindowsStandalone target not found
Refreshing native plugins compatible for Editor in 40.21 ms, found 3 plugins.
Preloading 0 native plugins for Editor in 0.00 ms.
Mono: successfully reloaded assembly
- Completed reload, in  1.583 seconds
Platform modules already initialized, skipping
Registering precompiled user dll's ...
Registered in 0.003162 seconds.
Begin MonoManager ReloadAssembly
Native extension for WindowsStandalone target not found
Refreshing native plugins compatible for Editor in 42.36 ms, found 3 plugins.
Preloading 0 native plugins for Editor in 0.00 ms.
Mono: successfully reloaded assembly
- Completed reload, in  1.124 seconds
Platform modules already initialized, skipping
========================================================================
Worker process is ready to serve import requests
Launched and connected shader compiler UnityShaderCompiler.exe after 0.05 seconds
Refreshing native plugins compatible for Editor in 0.86 ms, found 3 plugins.
Preloading 0 native plugins for Editor in 0.00 ms.
Unloading 2095 Unused Serialized files (Serialized files now loaded: 0)
System memory in use before: 95.3 MB.
System memory in use after: 95.2 MB.

Unloading 33 unused Assets to reduce memory usage. Loaded Objects now: 2531.
Total: 2.556200 ms (FindLiveObjects: 0.378300 ms CreateObjectMapping: 0.108200 ms MarkObjects: 1.929200 ms  DeleteObjects: 0.138300 ms)

========================================================================
Received Import Request.
  path: Assets/Scripts/Game/GameManager.cs
  artifactKey: Guid(23f3469731a907d418233b3c1a11ccab) Importer(815301076,1909f56bfc062723c751e8b465ee728b)
Start importing Assets/Scripts/Game/GameManager.cs using Guid(23f3469731a907d418233b3c1a11ccab) Importer(815301076,1909f56bfc062723c751e8b465ee728b)  -> (artifact id: 'e5e3cb1b817bd14f138f4b796b8e0165') in 0.029182 seconds
  Import took 0.032673 seconds .

========================================================================
Received Prepare
Registering precompiled user dll's ...
Registered in 0.003278 seconds.
Begin MonoManager ReloadAssembly
Native extension for WindowsStandalone target not found
Refreshing native plugins compatible for Editor in 0.57 ms, found 3 plugins.
Preloading 0 native plugins for Editor in 0.00 ms.
Mono: successfully reloaded assembly
- Completed reload, in  1.045 seconds
Platform modules already initialized, skipping
Refreshing native plugins compatible for Editor in 0.49 ms, found 3 plugins.
Preloading 0 native plugins for Editor in 0.00 ms.
Unloading 2077 Unused Serialized files (Serialized files now loaded: 0)
System memory in use before: 94.0 MB.
System memory in use after: 94.0 MB.

Unloading 21 unused Assets to reduce memory usage. Loaded Objects now: 2535.
Total: 2.354800 ms (FindLiveObjects: 0.263900 ms CreateObjectMapping: 0.057400 ms MarkObjects: 1.911000 ms  DeleteObjects: 0.120900 ms)

========================================================================
Received Import Request.
  Time since last request: 1068.594436 seconds.
  path: Assets/Scripts/Game/GameManager.cs
  artifactKey: Guid(23f3469731a907d418233b3c1a11ccab) Importer(815301076,1909f56bfc062723c751e8b465ee728b)
Start importing Assets/Scripts/Game/GameManager.cs using Guid(23f3469731a907d418233b3c1a11ccab) Importer(815301076,1909f56bfc062723c751e8b465ee728b)  -> (artifact id: '625f0df32ffaaad2a6ab9a41d869dd57') in 0.005941 seconds
  Import took 0.009553 seconds .

========================================================================
Received Prepare
Registering precompiled user dll's ...
Registered in 0.003239 seconds.
Begin MonoManager ReloadAssembly
Native extension for WindowsStandalone target not found
Refreshing native plugins compatible for Editor in 0.49 ms, found 3 plugins.
Preloading 0 native plugins for Editor in 0.00 ms.
Mono: successfully reloaded assembly
- Completed reload, in  1.041 seconds
Platform modules already initialized, skipping
Refreshing native plugins compatible for Editor in 0.49 ms, found 3 plugins.
Preloading 0 native plugins for Editor in 0.00 ms.
Unloading 2077 Unused Serialized files (Serialized files now loaded: 0)
System memory in use before: 94.0 MB.
System memory in use after: 94.0 MB.

Unloading 21 unused Assets to reduce memory usage. Loaded Objects now: 2539.
Total: 2.409000 ms (FindLiveObjects: 0.260200 ms CreateObjectMapping: 0.054200 ms MarkObjects: 1.971400 ms  DeleteObjects: 0.121100 ms)

========================================================================
Received Import Request.
  Time since last request: 89.334581 seconds.
  path: Assets/Scripts/Game/GameManager.cs
  artifactKey: Guid(23f3469731a907d418233b3c1a11ccab) Importer(815301076,1909f56bfc062723c751e8b465ee728b)
Start importing Assets/Scripts/Game/GameManager.cs using Guid(23f3469731a907d418233b3c1a11ccab) Importer(815301076,1909f56bfc062723c751e8b465ee728b)  -> (artifact id: '50081ec82079f3aae6af4659a8f651f8') in 0.005798 seconds
  Import took 0.009340 seconds .

========================================================================
Received Import Request.
  Time since last request: 0.039462 seconds.
  path: Assets/Scripts/Game/GameManager.cs
  artifactKey: Guid(23f3469731a907d418233b3c1a11ccab) Importer(815301076,1909f56bfc062723c751e8b465ee728b)
Start importing Assets/Scripts/Game/GameManager.cs using Guid(23f3469731a907d418233b3c1a11ccab) Importer(815301076,1909f56bfc062723c751e8b465ee728b)  -> (artifact id: '50081ec82079f3aae6af4659a8f651f8') in 0.003410 seconds
  Import took 0.007281 seconds .

========================================================================
Received Prepare
Registering precompiled user dll's ...
Registered in 0.003687 seconds.
Begin MonoManager ReloadAssembly
Native extension for WindowsStandalone target not found
Refreshing native plugins compatible for Editor in 0.61 ms, found 3 plugins.
Preloading 0 native plugins for Editor in 0.00 ms.
Mono: successfully reloaded assembly
- Completed reload, in  0.958 seconds
Platform modules already initialized, skipping
Refreshing native plugins compatible for Editor in 0.48 ms, found 3 plugins.
Preloading 0 native plugins for Editor in 0.00 ms.
Unloading 2077 Unused Serialized files (Serialized files now loaded: 0)
System memory in use before: 94.1 MB.
System memory in use after: 94.0 MB.

Unloading 21 unused Assets to reduce memory usage. Loaded Objects now: 2543.
Total: 2.550700 ms (FindLiveObjects: 0.302600 ms CreateObjectMapping: 0.115100 ms MarkObjects: 2.011000 ms  DeleteObjects: 0.119900 ms)

========================================================================
Received Prepare
Registering precompiled user dll's ...
Registered in 0.004083 seconds.
Begin MonoManager ReloadAssembly
Native extension for WindowsStandalone target not found
Refreshing native plugins compatible for Editor in 0.50 ms, found 3 plugins.
Preloading 0 native plugins for Editor in 0.00 ms.
Mono: successfully reloaded assembly
- Completed reload, in  1.027 seconds
Platform modules already initialized, skipping
Refreshing native plugins compatible for Editor in 0.46 ms, found 3 plugins.
Preloading 0 native plugins for Editor in 0.00 ms.
Unloading 2077 Unused Serialized files (Serialized files now loaded: 0)
System memory in use before: 94.1 MB.
System memory in use after: 94.1 MB.

Unloading 21 unused Assets to reduce memory usage. Loaded Objects now: 2547.
Total: 2.768300 ms (FindLiveObjects: 0.242900 ms CreateObjectMapping: 0.075200 ms MarkObjects: 2.326100 ms  DeleteObjects: 0.122400 ms)

========================================================================
Received Import Request.
  Time since last request: 136.484091 seconds.
  path: Assets/Scripts/Game/GameManager.cs
  artifactKey: Guid(23f3469731a907d418233b3c1a11ccab) Importer(815301076,1909f56bfc062723c751e8b465ee728b)
Start importing Assets/Scripts/Game/GameManager.cs using Guid(23f3469731a907d418233b3c1a11ccab) Importer(815301076,1909f56bfc062723c751e8b465ee728b)  -> (artifact id: 'b29b787ddbe712f8ac366dbedee5af7d') in 0.007678 seconds
  Import took 0.011156 seconds .

========================================================================
Received Import Request.
  Time since last request: 0.044112 seconds.
  path: Assets/Scripts/Game/GameManager.cs
  artifactKey: Guid(23f3469731a907d418233b3c1a11ccab) Importer(815301076,1909f56bfc062723c751e8b465ee728b)
Start importing Assets/Scripts/Game/GameManager.cs using Guid(23f3469731a907d418233b3c1a11ccab) Importer(815301076,1909f56bfc062723c751e8b465ee728b)  -> (artifact id: 'b29b787ddbe712f8ac366dbedee5af7d') in 0.003516 seconds
  Import took 0.007001 seconds .

========================================================================
Received Prepare
Registering precompiled user dll's ...
Registered in 0.004904 seconds.
Begin MonoManager ReloadAssembly
Native extension for WindowsStandalone target not found
Refreshing native plugins compatible for Editor in 0.56 ms, found 3 plugins.
Preloading 0 native plugins for Editor in 0.00 ms.
Mono: successfully reloaded assembly
- Completed reload, in  1.065 seconds
Platform modules already initialized, skipping
Refreshing native plugins compatible for Editor in 0.52 ms, found 3 plugins.
Preloading 0 native plugins for Editor in 0.00 ms.
Unloading 2077 Unused Serialized files (Serialized files now loaded: 0)
System memory in use before: 94.1 MB.
System memory in use after: 94.1 MB.

Unloading 21 unused Assets to reduce memory usage. Loaded Objects now: 2551.
Total: 2.691900 ms (FindLiveObjects: 0.232600 ms CreateObjectMapping: 0.056000 ms MarkObjects: 2.264200 ms  DeleteObjects: 0.137500 ms)

========================================================================
Received Prepare
Registering precompiled user dll's ...
Registered in 0.003689 seconds.
Begin MonoManager ReloadAssembly
Native extension for WindowsStandalone target not found
Refreshing native plugins compatible for Editor in 0.55 ms, found 3 plugins.
Preloading 0 native plugins for Editor in 0.00 ms.
Mono: successfully reloaded assembly
- Completed reload, in  0.977 seconds
Platform modules already initialized, skipping
Refreshing native plugins compatible for Editor in 0.53 ms, found 3 plugins.
Preloading 0 native plugins for Editor in 0.00 ms.
Unloading 2077 Unused Serialized files (Serialized files now loaded: 0)
System memory in use before: 94.1 MB.
System memory in use after: 94.1 MB.

Unloading 21 unused Assets to reduce memory usage. Loaded Objects now: 2555.
Total: 2.276700 ms (FindLiveObjects: 0.246100 ms CreateObjectMapping: 0.052700 ms MarkObjects: 1.852100 ms  DeleteObjects: 0.124500 ms)

========================================================================
Received Import Request.
  Time since last request: 87.134523 seconds.
  path: Assets/Scripts/Game/GameManager.cs
  artifactKey: Guid(23f3469731a907d418233b3c1a11ccab) Importer(815301076,1909f56bfc062723c751e8b465ee728b)
Start importing Assets/Scripts/Game/GameManager.cs using Guid(23f3469731a907d418233b3c1a11ccab) Importer(815301076,1909f56bfc062723c751e8b465ee728b)  -> (artifact id: 'fcd46f595ef762966cdbaf383d2de90a') in 0.006138 seconds
  Import took 0.009449 seconds .

========================================================================
Received Import Request.
  Time since last request: 0.038110 seconds.
  path: Assets/Scripts/Game/GameManager.cs
  artifactKey: Guid(23f3469731a907d418233b3c1a11ccab) Importer(815301076,1909f56bfc062723c751e8b465ee728b)
Start importing Assets/Scripts/Game/GameManager.cs using Guid(23f3469731a907d418233b3c1a11ccab) Importer(815301076,1909f56bfc062723c751e8b465ee728b)  -> (artifact id: 'fcd46f595ef762966cdbaf383d2de90a') in 0.003230 seconds
  Import took 0.007223 seconds .

========================================================================
Received Prepare
Registering precompiled user dll's ...
Registered in 0.003517 seconds.
Begin MonoManager ReloadAssembly
Native extension for WindowsStandalone target not found
Refreshing native plugins compatible for Editor in 0.69 ms, found 3 plugins.
Preloading 0 native plugins for Editor in 0.00 ms.
Mono: successfully reloaded assembly
- Completed reload, in  0.999 seconds
Platform modules already initialized, skipping
Refreshing native plugins compatible for Editor in 0.48 ms, found 3 plugins.
Preloading 0 native plugins for Editor in 0.00 ms.
Unloading 2077 Unused Serialized files (Serialized files now loaded: 0)
System memory in use before: 94.1 MB.
System memory in use after: 94.1 MB.

Unloading 21 unused Assets to reduce memory usage. Loaded Objects now: 2559.
Total: 2.488900 ms (FindLiveObjects: 0.240500 ms CreateObjectMapping: 0.057200 ms MarkObjects: 2.059300 ms  DeleteObjects: 0.130200 ms)

========================================================================
Received Prepare
Registering precompiled user dll's ...
Registered in 0.003405 seconds.
Begin MonoManager ReloadAssembly
Native extension for WindowsStandalone target not found
Refreshing native plugins compatible for Editor in 0.66 ms, found 3 plugins.
Preloading 0 native plugins for Editor in 0.00 ms.
Mono: successfully reloaded assembly
- Completed reload, in  1.001 seconds
Platform modules already initialized, skipping
Refreshing native plugins compatible for Editor in 0.49 ms, found 3 plugins.
Preloading 0 native plugins for Editor in 0.00 ms.
Unloading 2077 Unused Serialized files (Serialized files now loaded: 0)
System memory in use before: 94.1 MB.
System memory in use after: 94.1 MB.

Unloading 21 unused Assets to reduce memory usage. Loaded Objects now: 2563.
Total: 2.748600 ms (FindLiveObjects: 0.262900 ms CreateObjectMapping: 0.054200 ms MarkObjects: 2.303400 ms  DeleteObjects: 0.126500 ms)

========================================================================
Received Import Request.
  Time since last request: 55.602719 seconds.
  path: Assets/Scripts/Game/GameManager.cs
  artifactKey: Guid(23f3469731a907d418233b3c1a11ccab) Importer(815301076,1909f56bfc062723c751e8b465ee728b)
Start importing Assets/Scripts/Game/GameManager.cs using Guid(23f3469731a907d418233b3c1a11ccab) Importer(815301076,1909f56bfc062723c751e8b465ee728b)  -> (artifact id: '7180240f6ba98204fb3c8b646c89beba') in 0.005703 seconds
  Import took 0.009214 seconds .

========================================================================
Received Import Request.
  Time since last request: 0.039503 seconds.
  path: Assets/Scripts/Game/GameManager.cs
  artifactKey: Guid(23f3469731a907d418233b3c1a11ccab) Importer(815301076,1909f56bfc062723c751e8b465ee728b)
Start importing Assets/Scripts/Game/GameManager.cs using Guid(23f3469731a907d418233b3c1a11ccab) Importer(815301076,1909f56bfc062723c751e8b465ee728b)  -> (artifact id: '7180240f6ba98204fb3c8b646c89beba') in 0.003280 seconds
  Import took 0.006669 seconds .

========================================================================
Received Prepare
Registering precompiled user dll's ...
Registered in 0.003187 seconds.
Begin MonoManager ReloadAssembly
Native extension for WindowsStandalone target not found
Refreshing native plugins compatible for Editor in 0.52 ms, found 3 plugins.
Preloading 0 native plugins for Editor in 0.00 ms.
Mono: successfully reloaded assembly
- Completed reload, in  1.041 seconds
Platform modules already initialized, skipping
Refreshing native plugins compatible for Editor in 0.60 ms, found 3 plugins.
Preloading 0 native plugins for Editor in 0.00 ms.
Unloading 2077 Unused Serialized files (Serialized files now loaded: 0)
System memory in use before: 94.1 MB.
System memory in use after: 94.1 MB.

Unloading 21 unused Assets to reduce memory usage. Loaded Objects now: 2567.
Total: 2.587900 ms (FindLiveObjects: 0.287600 ms CreateObjectMapping: 0.102200 ms MarkObjects: 2.072900 ms  DeleteObjects: 0.123600 ms)

========================================================================
Received Import Request.
  Time since last request: 94.126990 seconds.
  path: Assets/Scripts/Game/GameManager.cs
  artifactKey: Guid(23f3469731a907d418233b3c1a11ccab) Importer(815301076,1909f56bfc062723c751e8b465ee728b)
Start importing Assets/Scripts/Game/GameManager.cs using Guid(23f3469731a907d418233b3c1a11ccab) Importer(815301076,1909f56bfc062723c751e8b465ee728b)  -> (artifact id: '9967387474096e9d604a21ae83764350') in 0.008297 seconds
  Import took 0.012620 seconds .

========================================================================
Received Prepare
Registering precompiled user dll's ...
Registered in 0.003432 seconds.
Begin MonoManager ReloadAssembly
Native extension for WindowsStandalone target not found
Refreshing native plugins compatible for Editor in 0.86 ms, found 3 plugins.
Preloading 0 native plugins for Editor in 0.00 ms.
Mono: successfully reloaded assembly
- Completed reload, in  1.008 seconds
Platform modules already initialized, skipping
Refreshing native plugins compatible for Editor in 0.50 ms, found 3 plugins.
Preloading 0 native plugins for Editor in 0.00 ms.
Unloading 2077 Unused Serialized files (Serialized files now loaded: 0)
System memory in use before: 94.1 MB.
System memory in use after: 94.1 MB.

Unloading 21 unused Assets to reduce memory usage. Loaded Objects now: 2571.
Total: 2.678300 ms (FindLiveObjects: 0.298900 ms CreateObjectMapping: 0.103400 ms MarkObjects: 2.136700 ms  DeleteObjects: 0.137000 ms)

========================================================================
Received Import Request.
  Time since last request: 278.526668 seconds.
  path: Assets/Scripts/Game/GameManager.cs
  artifactKey: Guid(23f3469731a907d418233b3c1a11ccab) Importer(815301076,1909f56bfc062723c751e8b465ee728b)
Start importing Assets/Scripts/Game/GameManager.cs using Guid(23f3469731a907d418233b3c1a11ccab) Importer(815301076,1909f56bfc062723c751e8b465ee728b)  -> (artifact id: '25b7e08d680565b326ee86c167be2747') in 0.006576 seconds
  Import took 0.010308 seconds .

========================================================================
Received Import Request.
  Time since last request: 0.038601 seconds.
  path: Assets/Scripts/Game/GameManager.cs
  artifactKey: Guid(23f3469731a907d418233b3c1a11ccab) Importer(815301076,1909f56bfc062723c751e8b465ee728b)
Start importing Assets/Scripts/Game/GameManager.cs using Guid(23f3469731a907d418233b3c1a11ccab) Importer(815301076,1909f56bfc062723c751e8b465ee728b)  -> (artifact id: '25b7e08d680565b326ee86c167be2747') in 0.003408 seconds
  Import took 0.006871 seconds .

========================================================================
Received Prepare
Registering precompiled user dll's ...
Registered in 0.003755 seconds.
Begin MonoManager ReloadAssembly
Native extension for WindowsStandalone target not found
Refreshing native plugins compatible for Editor in 0.50 ms, found 3 plugins.
Preloading 0 native plugins for Editor in 0.00 ms.
Mono: successfully reloaded assembly
- Completed reload, in  0.933 seconds
Platform modules already initialized, skipping
Refreshing native plugins compatible for Editor in 0.48 ms, found 3 plugins.
Preloading 0 native plugins for Editor in 0.00 ms.
Unloading 2077 Unused Serialized files (Serialized files now loaded: 0)
System memory in use before: 94.1 MB.
System memory in use after: 94.1 MB.

Unloading 21 unused Assets to reduce memory usage. Loaded Objects now: 2575.
Total: 3.883000 ms (FindLiveObjects: 0.285200 ms CreateObjectMapping: 0.058300 ms MarkObjects: 3.375200 ms  DeleteObjects: 0.161800 ms)

========================================================================
Received Import Request.
  Time since last request: 40.903429 seconds.
  path: Assets/Scripts/Game/GameManager.cs
  artifactKey: Guid(23f3469731a907d418233b3c1a11ccab) Importer(815301076,1909f56bfc062723c751e8b465ee728b)
Start importing Assets/Scripts/Game/GameManager.cs using Guid(23f3469731a907d418233b3c1a11ccab) Importer(815301076,1909f56bfc062723c751e8b465ee728b)  -> (artifact id: 'd2613565616811625438f1d4a8557b55') in 0.006417 seconds
  Import took 0.009874 seconds .

========================================================================
Received Import Request.
  Time since last request: 0.039604 seconds.
  path: Assets/Scripts/Game/GameManager.cs
  artifactKey: Guid(23f3469731a907d418233b3c1a11ccab) Importer(815301076,1909f56bfc062723c751e8b465ee728b)
Start importing Assets/Scripts/Game/GameManager.cs using Guid(23f3469731a907d418233b3c1a11ccab) Importer(815301076,1909f56bfc062723c751e8b465ee728b)  -> (artifact id: 'd2613565616811625438f1d4a8557b55') in 0.003134 seconds
  Import took 0.006584 seconds .

========================================================================
Received Prepare
Registering precompiled user dll's ...
Registered in 0.003036 seconds.
Begin MonoManager ReloadAssembly
Native extension for WindowsStandalone target not found
Refreshing native plugins compatible for Editor in 0.47 ms, found 3 plugins.
Preloading 0 native plugins for Editor in 0.00 ms.
Mono: successfully reloaded assembly
- Completed reload, in  0.923 seconds
Platform modules already initialized, skipping
Refreshing native plugins compatible for Editor in 0.52 ms, found 3 plugins.
Preloading 0 native plugins for Editor in 0.00 ms.
Unloading 2077 Unused Serialized files (Serialized files now loaded: 0)
System memory in use before: 94.2 MB.
System memory in use after: 94.1 MB.

Unloading 21 unused Assets to reduce memory usage. Loaded Objects now: 2579.
Total: 2.911600 ms (FindLiveObjects: 0.268600 ms CreateObjectMapping: 0.055000 ms MarkObjects: 2.446200 ms  DeleteObjects: 0.139800 ms)

========================================================================
Received Import Request.
  Time since last request: 27.070975 seconds.
  path: Assets/Scripts/Game/GameManager.cs
  artifactKey: Guid(23f3469731a907d418233b3c1a11ccab) Importer(815301076,1909f56bfc062723c751e8b465ee728b)
Start importing Assets/Scripts/Game/GameManager.cs using Guid(23f3469731a907d418233b3c1a11ccab) Importer(815301076,1909f56bfc062723c751e8b465ee728b)  -> (artifact id: 'eca95e941f3fe902c633e223dba3a5f9') in 0.006250 seconds
  Import took 0.009850 seconds .

========================================================================
Received Import Request.
  Time since last request: 0.038856 seconds.
  path: Assets/Scripts/Game/GameManager.cs
  artifactKey: Guid(23f3469731a907d418233b3c1a11ccab) Importer(815301076,1909f56bfc062723c751e8b465ee728b)
Start importing Assets/Scripts/Game/GameManager.cs using Guid(23f3469731a907d418233b3c1a11ccab) Importer(815301076,1909f56bfc062723c751e8b465ee728b)  -> (artifact id: 'eca95e941f3fe902c633e223dba3a5f9') in 0.003585 seconds
  Import took 0.006784 seconds .

========================================================================
Received Prepare
Registering precompiled user dll's ...
Registered in 0.003591 seconds.
Begin MonoManager ReloadAssembly
Native extension for WindowsStandalone target not found
Refreshing native plugins compatible for Editor in 0.48 ms, found 3 plugins.
Preloading 0 native plugins for Editor in 0.00 ms.
Mono: successfully reloaded assembly
- Completed reload, in  0.922 seconds
Platform modules already initialized, skipping
Refreshing native plugins compatible for Editor in 0.49 ms, found 3 plugins.
Preloading 0 native plugins for Editor in 0.00 ms.
Unloading 2077 Unused Serialized files (Serialized files now loaded: 0)
System memory in use before: 94.2 MB.
System memory in use after: 94.1 MB.

Unloading 21 unused Assets to reduce memory usage. Loaded Objects now: 2583.
Total: 2.495700 ms (FindLiveObjects: 0.281300 ms CreateObjectMapping: 0.110400 ms MarkObjects: 1.972400 ms  DeleteObjects: 0.129900 ms)

========================================================================
Received Import Request.
  Time since last request: 28.971195 seconds.
  path: Assets/Scripts/Game/GameManager.cs
  artifactKey: Guid(23f3469731a907d418233b3c1a11ccab) Importer(815301076,1909f56bfc062723c751e8b465ee728b)
Start importing Assets/Scripts/Game/GameManager.cs using Guid(23f3469731a907d418233b3c1a11ccab) Importer(815301076,1909f56bfc062723c751e8b465ee728b)  -> (artifact id: '5986660493dcc25570482e248269785d') in 0.007476 seconds
  Import took 0.010951 seconds .

========================================================================
Received Import Request.
  Time since last request: 0.037430 seconds.
  path: Assets/Scripts/Game/GameManager.cs
  artifactKey: Guid(23f3469731a907d418233b3c1a11ccab) Importer(815301076,1909f56bfc062723c751e8b465ee728b)
Start importing Assets/Scripts/Game/GameManager.cs using Guid(23f3469731a907d418233b3c1a11ccab) Importer(815301076,1909f56bfc062723c751e8b465ee728b)  -> (artifact id: '5986660493dcc25570482e248269785d') in 0.002966 seconds
  Import took 0.006201 seconds .

========================================================================
Received Prepare
Registering precompiled user dll's ...
Registered in 0.004103 seconds.
Begin MonoManager ReloadAssembly
Native extension for WindowsStandalone target not found
Refreshing native plugins compatible for Editor in 0.49 ms, found 3 plugins.
Preloading 0 native plugins for Editor in 0.00 ms.
Mono: successfully reloaded assembly
- Completed reload, in  0.913 seconds
Platform modules already initialized, skipping
Refreshing native plugins compatible for Editor in 0.50 ms, found 3 plugins.
Preloading 0 native plugins for Editor in 0.00 ms.
Unloading 2077 Unused Serialized files (Serialized files now loaded: 0)
System memory in use before: 94.2 MB.
System memory in use after: 94.2 MB.

Unloading 21 unused Assets to reduce memory usage. Loaded Objects now: 2587.
Total: 2.360100 ms (FindLiveObjects: 0.250100 ms CreateObjectMapping: 0.053900 ms MarkObjects: 1.915100 ms  DeleteObjects: 0.138300 ms)

========================================================================
Received Import Request.
  Time since last request: 38.431967 seconds.
  path: Assets/Scripts/Game/GameManager.cs
  artifactKey: Guid(23f3469731a907d418233b3c1a11ccab) Importer(815301076,1909f56bfc062723c751e8b465ee728b)
Start importing Assets/Scripts/Game/GameManager.cs using Guid(23f3469731a907d418233b3c1a11ccab) Importer(815301076,1909f56bfc062723c751e8b465ee728b)  -> (artifact id: 'ce8093f98f0d336471ff800ae34686bf') in 0.006353 seconds
  Import took 0.009628 seconds .

========================================================================
Received Import Request.
  Time since last request: 0.040783 seconds.
  path: Assets/Scripts/Game/GameManager.cs
  artifactKey: Guid(23f3469731a907d418233b3c1a11ccab) Importer(815301076,1909f56bfc062723c751e8b465ee728b)
Start importing Assets/Scripts/Game/GameManager.cs using Guid(23f3469731a907d418233b3c1a11ccab) Importer(815301076,1909f56bfc062723c751e8b465ee728b)  -> (artifact id: 'ce8093f98f0d336471ff800ae34686bf') in 0.003114 seconds
  Import took 0.006901 seconds .

========================================================================
Received Prepare
Registering precompiled user dll's ...
Registered in 0.003262 seconds.
Begin MonoManager ReloadAssembly
Native extension for WindowsStandalone target not found
Refreshing native plugins compatible for Editor in 0.72 ms, found 3 plugins.
Preloading 0 native plugins for Editor in 0.00 ms.
Mono: successfully reloaded assembly
- Completed reload, in  0.952 seconds
Platform modules already initialized, skipping
Refreshing native plugins compatible for Editor in 0.48 ms, found 3 plugins.
Preloading 0 native plugins for Editor in 0.00 ms.
Unloading 2077 Unused Serialized files (Serialized files now loaded: 0)
System memory in use before: 94.2 MB.
System memory in use after: 94.2 MB.

Unloading 21 unused Assets to reduce memory usage. Loaded Objects now: 2591.
Total: 2.376600 ms (FindLiveObjects: 0.280100 ms CreateObjectMapping: 0.116100 ms MarkObjects: 1.849000 ms  DeleteObjects: 0.129900 ms)

========================================================================
Received Prepare
Registering precompiled user dll's ...
Registered in 0.003326 seconds.
Begin MonoManager ReloadAssembly
Native extension for WindowsStandalone target not found
Refreshing native plugins compatible for Editor in 0.50 ms, found 3 plugins.
Preloading 0 native plugins for Editor in 0.00 ms.
Mono: successfully reloaded assembly
- Completed reload, in  0.963 seconds
Platform modules already initialized, skipping
Refreshing native plugins compatible for Editor in 0.47 ms, found 3 plugins.
Preloading 0 native plugins for Editor in 0.00 ms.
Unloading 2077 Unused Serialized files (Serialized files now loaded: 0)
System memory in use before: 94.2 MB.
System memory in use after: 94.2 MB.

Unloading 21 unused Assets to reduce memory usage. Loaded Objects now: 2595.
Total: 2.899700 ms (FindLiveObjects: 0.433400 ms CreateObjectMapping: 0.149200 ms MarkObjects: 2.174200 ms  DeleteObjects: 0.140300 ms)

========================================================================
Received Import Request.
  Time since last request: 56.789825 seconds.
  path: Assets/Scripts/Game/GameManager.cs
  artifactKey: Guid(23f3469731a907d418233b3c1a11ccab) Importer(815301076,1909f56bfc062723c751e8b465ee728b)
Start importing Assets/Scripts/Game/GameManager.cs using Guid(23f3469731a907d418233b3c1a11ccab) Importer(815301076,1909f56bfc062723c751e8b465ee728b)  -> (artifact id: 'b2a15bc966e9f788d824bb9f5cc7afea') in 0.006316 seconds
  Import took 0.009709 seconds .

========================================================================
Received Import Request.
  Time since last request: 0.042049 seconds.
  path: Assets/Scripts/Game/GameManager.cs
  artifactKey: Guid(23f3469731a907d418233b3c1a11ccab) Importer(815301076,1909f56bfc062723c751e8b465ee728b)
Start importing Assets/Scripts/Game/GameManager.cs using Guid(23f3469731a907d418233b3c1a11ccab) Importer(815301076,1909f56bfc062723c751e8b465ee728b)  -> (artifact id: 'b2a15bc966e9f788d824bb9f5cc7afea') in 0.003300 seconds
  Import took 0.006943 seconds .

========================================================================
Received Prepare
Registering precompiled user dll's ...
Registered in 0.003151 seconds.
Begin MonoManager ReloadAssembly
Native extension for WindowsStandalone target not found
Refreshing native plugins compatible for Editor in 0.49 ms, found 3 plugins.
Preloading 0 native plugins for Editor in 0.00 ms.
Mono: successfully reloaded assembly
- Completed reload, in  0.923 seconds
Platform modules already initialized, skipping
Refreshing native plugins compatible for Editor in 0.49 ms, found 3 plugins.
Preloading 0 native plugins for Editor in 0.00 ms.
Unloading 2077 Unused Serialized files (Serialized files now loaded: 0)
System memory in use before: 94.2 MB.
System memory in use after: 94.2 MB.

Unloading 21 unused Assets to reduce memory usage. Loaded Objects now: 2599.
Total: 2.468400 ms (FindLiveObjects: 0.325300 ms CreateObjectMapping: 0.098400 ms MarkObjects: 1.918300 ms  DeleteObjects: 0.124500 ms)

========================================================================
Received Import Request.
  Time since last request: 20.385540 seconds.
  path: Assets/Scripts/Game/GameManager.cs
  artifactKey: Guid(23f3469731a907d418233b3c1a11ccab) Importer(815301076,1909f56bfc062723c751e8b465ee728b)
Start importing Assets/Scripts/Game/GameManager.cs using Guid(23f3469731a907d418233b3c1a11ccab) Importer(815301076,1909f56bfc062723c751e8b465ee728b)  -> (artifact id: '04004a5c355b4a56cdfd32969ef7fe6b') in 0.006279 seconds
  Import took 0.009615 seconds .

========================================================================
Received Import Request.
  Time since last request: 0.042837 seconds.
  path: Assets/Scripts/Game/GameManager.cs
  artifactKey: Guid(23f3469731a907d418233b3c1a11ccab) Importer(815301076,1909f56bfc062723c751e8b465ee728b)
Start importing Assets/Scripts/Game/GameManager.cs using Guid(23f3469731a907d418233b3c1a11ccab) Importer(815301076,1909f56bfc062723c751e8b465ee728b)  -> (artifact id: '04004a5c355b4a56cdfd32969ef7fe6b') in 0.003279 seconds
  Import took 0.007073 seconds .

========================================================================
Received Prepare
Registering precompiled user dll's ...
Registered in 0.003621 seconds.
Begin MonoManager ReloadAssembly
Native extension for WindowsStandalone target not found
Refreshing native plugins compatible for Editor in 0.50 ms, found 3 plugins.
Preloading 0 native plugins for Editor in 0.00 ms.
Mono: successfully reloaded assembly
- Completed reload, in  0.923 seconds
Platform modules already initialized, skipping
Refreshing native plugins compatible for Editor in 0.48 ms, found 3 plugins.
Preloading 0 native plugins for Editor in 0.00 ms.
Unloading 2077 Unused Serialized files (Serialized files now loaded: 0)
System memory in use before: 94.2 MB.
System memory in use after: 94.2 MB.

Unloading 21 unused Assets to reduce memory usage. Loaded Objects now: 2603.
Total: 2.793700 ms (FindLiveObjects: 0.230500 ms CreateObjectMapping: 0.054500 ms MarkObjects: 2.378200 ms  DeleteObjects: 0.129200 ms)

========================================================================
Received Import Request.
  Time since last request: 31.734861 seconds.
  path: Assets/Scripts/Game/GameManager.cs
  artifactKey: Guid(23f3469731a907d418233b3c1a11ccab) Importer(815301076,1909f56bfc062723c751e8b465ee728b)
Start importing Assets/Scripts/Game/GameManager.cs using Guid(23f3469731a907d418233b3c1a11ccab) Importer(815301076,1909f56bfc062723c751e8b465ee728b)  -> (artifact id: '682807c50b3673a454ab3c0e0edabcc0') in 0.006985 seconds
  Import took 0.010679 seconds .

========================================================================
Received Import Request.
  Time since last request: 0.038765 seconds.
  path: Assets/Scripts/Game/GameManager.cs
  artifactKey: Guid(23f3469731a907d418233b3c1a11ccab) Importer(815301076,1909f56bfc062723c751e8b465ee728b)
Start importing Assets/Scripts/Game/GameManager.cs using Guid(23f3469731a907d418233b3c1a11ccab) Importer(815301076,1909f56bfc062723c751e8b465ee728b)  -> (artifact id: '682807c50b3673a454ab3c0e0edabcc0') in 0.003185 seconds
  Import took 0.006588 seconds .

========================================================================
Received Prepare
Registering precompiled user dll's ...
Registered in 0.003344 seconds.
Begin MonoManager ReloadAssembly
Native extension for WindowsStandalone target not found
Refreshing native plugins compatible for Editor in 0.65 ms, found 3 plugins.
Preloading 0 native plugins for Editor in 0.00 ms.
Mono: successfully reloaded assembly
- Completed reload, in  0.987 seconds
Platform modules already initialized, skipping
Refreshing native plugins compatible for Editor in 0.48 ms, found 3 plugins.
Preloading 0 native plugins for Editor in 0.00 ms.
Unloading 2077 Unused Serialized files (Serialized files now loaded: 0)
System memory in use before: 94.2 MB.
System memory in use after: 94.2 MB.

Unloading 21 unused Assets to reduce memory usage. Loaded Objects now: 2607.
Total: 2.802500 ms (FindLiveObjects: 0.314700 ms CreateObjectMapping: 0.101400 ms MarkObjects: 2.258900 ms  DeleteObjects: 0.125100 ms)

========================================================================
Received Prepare
Registering precompiled user dll's ...
Registered in 0.003239 seconds.
Begin MonoManager ReloadAssembly
Native extension for WindowsStandalone target not found
Refreshing native plugins compatible for Editor in 0.56 ms, found 3 plugins.
Preloading 0 native plugins for Editor in 0.00 ms.
Mono: successfully reloaded assembly
- Completed reload, in  0.944 seconds
Platform modules already initialized, skipping
Refreshing native plugins compatible for Editor in 0.78 ms, found 3 plugins.
Preloading 0 native plugins for Editor in 0.00 ms.
Unloading 2077 Unused Serialized files (Serialized files now loaded: 0)
System memory in use before: 94.2 MB.
System memory in use after: 94.2 MB.

Unloading 21 unused Assets to reduce memory usage. Loaded Objects now: 2611.
Total: 3.214900 ms (FindLiveObjects: 0.294800 ms CreateObjectMapping: 0.103900 ms MarkObjects: 2.690000 ms  DeleteObjects: 0.124400 ms)

========================================================================
Received Prepare
Registering precompiled user dll's ...
Registered in 0.003621 seconds.
Begin MonoManager ReloadAssembly
Native extension for WindowsStandalone target not found
Refreshing native plugins compatible for Editor in 0.52 ms, found 3 plugins.
Preloading 0 native plugins for Editor in 0.00 ms.
Mono: successfully reloaded assembly
- Completed reload, in  0.913 seconds
Platform modules already initialized, skipping
Refreshing native plugins compatible for Editor in 0.49 ms, found 3 plugins.
Preloading 0 native plugins for Editor in 0.00 ms.
Unloading 2077 Unused Serialized files (Serialized files now loaded: 0)
System memory in use before: 94.2 MB.
System memory in use after: 94.2 MB.

Unloading 21 unused Assets to reduce memory usage. Loaded Objects now: 2615.
Total: 2.295900 ms (FindLiveObjects: 0.234000 ms CreateObjectMapping: 0.055400 ms MarkObjects: 1.875200 ms  DeleteObjects: 0.129600 ms)

========================================================================
Received Prepare
Registering precompiled user dll's ...
Registered in 0.003381 seconds.
Begin MonoManager ReloadAssembly
Native extension for WindowsStandalone target not found
Refreshing native plugins compatible for Editor in 0.50 ms, found 3 plugins.
Preloading 0 native plugins for Editor in 0.00 ms.
Mono: successfully reloaded assembly
- Completed reload, in  1.001 seconds
Platform modules already initialized, skipping
Refreshing native plugins compatible for Editor in 0.48 ms, found 3 plugins.
Preloading 0 native plugins for Editor in 0.00 ms.
Unloading 2077 Unused Serialized files (Serialized files now loaded: 0)
System memory in use before: 94.2 MB.
System memory in use after: 94.2 MB.

Unloading 21 unused Assets to reduce memory usage. Loaded Objects now: 2619.
Total: 2.275600 ms (FindLiveObjects: 0.229900 ms CreateObjectMapping: 0.053900 ms MarkObjects: 1.863300 ms  DeleteObjects: 0.127000 ms)

========================================================================
Received Prepare
Registering precompiled user dll's ...
Registered in 0.003704 seconds.
Begin MonoManager ReloadAssembly
Native extension for WindowsStandalone target not found
Refreshing native plugins compatible for Editor in 0.51 ms, found 3 plugins.
Preloading 0 native plugins for Editor in 0.00 ms.
Mono: successfully reloaded assembly
- Completed reload, in  0.976 seconds
Platform modules already initialized, skipping
Refreshing native plugins compatible for Editor in 0.56 ms, found 3 plugins.
Preloading 0 native plugins for Editor in 0.00 ms.
Unloading 2077 Unused Serialized files (Serialized files now loaded: 0)
System memory in use before: 94.2 MB.
System memory in use after: 94.2 MB.

Unloading 21 unused Assets to reduce memory usage. Loaded Objects now: 2623.
Total: 2.416100 ms (FindLiveObjects: 0.290300 ms CreateObjectMapping: 0.100500 ms MarkObjects: 1.891700 ms  DeleteObjects: 0.132100 ms)

========================================================================
Received Prepare
Registering precompiled user dll's ...
Registered in 0.003383 seconds.
Begin MonoManager ReloadAssembly
Native extension for WindowsStandalone target not found
Refreshing native plugins compatible for Editor in 0.67 ms, found 3 plugins.
Preloading 0 native plugins for Editor in 0.00 ms.
Mono: successfully reloaded assembly
- Completed reload, in  1.045 seconds
Platform modules already initialized, skipping
Refreshing native plugins compatible for Editor in 0.67 ms, found 3 plugins.
Preloading 0 native plugins for Editor in 0.00 ms.
Unloading 2077 Unused Serialized files (Serialized files now loaded: 0)
System memory in use before: 94.3 MB.
System memory in use after: 94.2 MB.

Unloading 21 unused Assets to reduce memory usage. Loaded Objects now: 2627.
Total: 3.200900 ms (FindLiveObjects: 0.320300 ms CreateObjectMapping: 0.104900 ms MarkObjects: 2.557800 ms  DeleteObjects: 0.216000 ms)

========================================================================
Received Prepare
Registering precompiled user dll's ...
Registered in 0.003180 seconds.
Begin MonoManager ReloadAssembly
Native extension for WindowsStandalone target not found
Refreshing native plugins compatible for Editor in 0.81 ms, found 3 plugins.
Preloading 0 native plugins for Editor in 0.00 ms.
Mono: successfully reloaded assembly
- Completed reload, in  1.028 seconds
Platform modules already initialized, skipping
Refreshing native plugins compatible for Editor in 0.48 ms, found 3 plugins.
Preloading 0 native plugins for Editor in 0.00 ms.
Unloading 2077 Unused Serialized files (Serialized files now loaded: 0)
System memory in use before: 94.3 MB.
System memory in use after: 94.2 MB.

Unloading 21 unused Assets to reduce memory usage. Loaded Objects now: 2631.
Total: 2.533600 ms (FindLiveObjects: 0.295000 ms CreateObjectMapping: 0.100400 ms MarkObjects: 2.011600 ms  DeleteObjects: 0.124700 ms)

========================================================================
Received Prepare
Registering precompiled user dll's ...
Registered in 0.003314 seconds.
Begin MonoManager ReloadAssembly
Native extension for WindowsStandalone target not found
Refreshing native plugins compatible for Editor in 0.51 ms, found 3 plugins.
Preloading 0 native plugins for Editor in 0.00 ms.
Mono: successfully reloaded assembly
- Completed reload, in  0.956 seconds
Platform modules already initialized, skipping
Refreshing native plugins compatible for Editor in 0.50 ms, found 3 plugins.
Preloading 0 native plugins for Editor in 0.00 ms.
Unloading 2077 Unused Serialized files (Serialized files now loaded: 0)
System memory in use before: 94.3 MB.
System memory in use after: 94.3 MB.

Unloading 21 unused Assets to reduce memory usage. Loaded Objects now: 2635.
Total: 3.315400 ms (FindLiveObjects: 0.545200 ms CreateObjectMapping: 0.076700 ms MarkObjects: 2.565400 ms  DeleteObjects: 0.124900 ms)

========================================================================
Received Prepare
Registering precompiled user dll's ...
Registered in 0.003074 seconds.
Begin MonoManager ReloadAssembly
Native extension for WindowsStandalone target not found
Refreshing native plugins compatible for Editor in 0.48 ms, found 3 plugins.
Preloading 0 native plugins for Editor in 0.00 ms.
Mono: successfully reloaded assembly
- Completed reload, in  0.937 seconds
Platform modules already initialized, skipping
Refreshing native plugins compatible for Editor in 0.47 ms, found 3 plugins.
Preloading 0 native plugins for Editor in 0.00 ms.
Unloading 2077 Unused Serialized files (Serialized files now loaded: 0)
System memory in use before: 94.3 MB.
System memory in use after: 94.3 MB.

Unloading 21 unused Assets to reduce memory usage. Loaded Objects now: 2639.
Total: 2.849800 ms (FindLiveObjects: 0.254000 ms CreateObjectMapping: 0.101600 ms MarkObjects: 2.358400 ms  DeleteObjects: 0.134300 ms)

========================================================================
Received Prepare
Registering precompiled user dll's ...
Registered in 0.003371 seconds.
Begin MonoManager ReloadAssembly
Native extension for WindowsStandalone target not found
Refreshing native plugins compatible for Editor in 0.85 ms, found 3 plugins.
Preloading 0 native plugins for Editor in 0.00 ms.
Mono: successfully reloaded assembly
- Completed reload, in  0.958 seconds
Platform modules already initialized, skipping
Refreshing native plugins compatible for Editor in 0.55 ms, found 3 plugins.
Preloading 0 native plugins for Editor in 0.00 ms.
Unloading 2077 Unused Serialized files (Serialized files now loaded: 0)
System memory in use before: 94.3 MB.
System memory in use after: 94.3 MB.

Unloading 21 unused Assets to reduce memory usage. Loaded Objects now: 2643.
Total: 3.245200 ms (FindLiveObjects: 0.314600 ms CreateObjectMapping: 0.107000 ms MarkObjects: 2.679600 ms  DeleteObjects: 0.141800 ms)

========================================================================
Received Prepare
Registering precompiled user dll's ...
Registered in 0.003135 seconds.
Begin MonoManager ReloadAssembly
Native extension for WindowsStandalone target not found
Refreshing native plugins compatible for Editor in 0.84 ms, found 3 plugins.
Preloading 0 native plugins for Editor in 0.00 ms.
Mono: successfully reloaded assembly
- Completed reload, in  0.933 seconds
Platform modules already initialized, skipping
Refreshing native plugins compatible for Editor in 0.46 ms, found 3 plugins.
Preloading 0 native plugins for Editor in 0.00 ms.
Unloading 2077 Unused Serialized files (Serialized files now loaded: 0)
System memory in use before: 94.3 MB.
System memory in use after: 94.3 MB.

Unloading 21 unused Assets to reduce memory usage. Loaded Objects now: 2647.
Total: 2.768600 ms (FindLiveObjects: 0.230200 ms CreateObjectMapping: 0.052500 ms MarkObjects: 2.355500 ms  DeleteObjects: 0.129000 ms)

========================================================================
Received Prepare
Registering precompiled user dll's ...
Registered in 0.002991 seconds.
Begin MonoManager ReloadAssembly
Native extension for WindowsStandalone target not found
Refreshing native plugins compatible for Editor in 0.83 ms, found 3 plugins.
Preloading 0 native plugins for Editor in 0.00 ms.
Mono: successfully reloaded assembly
- Completed reload, in  0.970 seconds
Platform modules already initialized, skipping
Refreshing native plugins compatible for Editor in 0.56 ms, found 3 plugins.
Preloading 0 native plugins for Editor in 0.00 ms.
Unloading 2077 Unused Serialized files (Serialized files now loaded: 0)
System memory in use before: 94.3 MB.
System memory in use after: 94.3 MB.

Unloading 21 unused Assets to reduce memory usage. Loaded Objects now: 2651.
Total: 3.300600 ms (FindLiveObjects: 0.504800 ms CreateObjectMapping: 0.076100 ms MarkObjects: 2.568400 ms  DeleteObjects: 0.148300 ms)

========================================================================
Received Prepare
Registering precompiled user dll's ...
Registered in 0.003557 seconds.
Begin MonoManager ReloadAssembly
Native extension for WindowsStandalone target not found
Refreshing native plugins compatible for Editor in 0.48 ms, found 3 plugins.
Preloading 0 native plugins for Editor in 0.00 ms.
Mono: successfully reloaded assembly
- Completed reload, in  0.980 seconds
Platform modules already initialized, skipping
Refreshing native plugins compatible for Editor in 0.46 ms, found 3 plugins.
Preloading 0 native plugins for Editor in 0.00 ms.
Unloading 2077 Unused Serialized files (Serialized files now loaded: 0)
System memory in use before: 94.3 MB.
System memory in use after: 94.3 MB.

Unloading 21 unused Assets to reduce memory usage. Loaded Objects now: 2655.
Total: 2.969300 ms (FindLiveObjects: 0.323800 ms CreateObjectMapping: 0.105800 ms MarkObjects: 2.354100 ms  DeleteObjects: 0.183400 ms)

========================================================================
Received Prepare
Registering precompiled user dll's ...
Registered in 0.003629 seconds.
Begin MonoManager ReloadAssembly
Native extension for WindowsStandalone target not found
Refreshing native plugins compatible for Editor in 0.49 ms, found 3 plugins.
Preloading 0 native plugins for Editor in 0.00 ms.
Mono: successfully reloaded assembly
- Completed reload, in  0.993 seconds
Platform modules already initialized, skipping
Refreshing native plugins compatible for Editor in 0.56 ms, found 3 plugins.
Preloading 0 native plugins for Editor in 0.00 ms.
Unloading 2077 Unused Serialized files (Serialized files now loaded: 0)
System memory in use before: 94.3 MB.
System memory in use after: 94.3 MB.

Unloading 21 unused Assets to reduce memory usage. Loaded Objects now: 2659.
Total: 2.994700 ms (FindLiveObjects: 0.235400 ms CreateObjectMapping: 0.056300 ms MarkObjects: 2.565400 ms  DeleteObjects: 0.136300 ms)

========================================================================
Received Prepare
Registering precompiled user dll's ...
Registered in 0.003449 seconds.
Begin MonoManager ReloadAssembly
Native extension for WindowsStandalone target not found
Refreshing native plugins compatible for Editor in 0.72 ms, found 3 plugins.
Preloading 0 native plugins for Editor in 0.00 ms.
Mono: successfully reloaded assembly
- Completed reload, in  0.927 seconds
Platform modules already initialized, skipping
Refreshing native plugins compatible for Editor in 0.48 ms, found 3 plugins.
Preloading 0 native plugins for Editor in 0.00 ms.
Unloading 2077 Unused Serialized files (Serialized files now loaded: 0)
System memory in use before: 94.3 MB.
System memory in use after: 94.3 MB.

Unloading 21 unused Assets to reduce memory usage. Loaded Objects now: 2663.
Total: 2.877200 ms (FindLiveObjects: 0.344400 ms CreateObjectMapping: 0.126800 ms MarkObjects: 2.270700 ms  DeleteObjects: 0.133500 ms)

========================================================================
Received Prepare
Registering precompiled user dll's ...
Registered in 0.005429 seconds.
Begin MonoManager ReloadAssembly
Native extension for WindowsStandalone target not found
Refreshing native plugins compatible for Editor in 0.48 ms, found 3 plugins.
Preloading 0 native plugins for Editor in 0.00 ms.
Mono: successfully reloaded assembly
- Completed reload, in  0.935 seconds
Platform modules already initialized, skipping
Refreshing native plugins compatible for Editor in 0.51 ms, found 3 plugins.
Preloading 0 native plugins for Editor in 0.00 ms.
Unloading 2077 Unused Serialized files (Serialized files now loaded: 0)
System memory in use before: 94.3 MB.
System memory in use after: 94.3 MB.

Unloading 21 unused Assets to reduce memory usage. Loaded Objects now: 2667.
Total: 2.786300 ms (FindLiveObjects: 0.298100 ms CreateObjectMapping: 0.104100 ms MarkObjects: 2.247200 ms  DeleteObjects: 0.135300 ms)

========================================================================
Received Prepare
Registering precompiled user dll's ...
Registered in 0.003119 seconds.
Begin MonoManager ReloadAssembly
Native extension for WindowsStandalone target not found
Refreshing native plugins compatible for Editor in 0.51 ms, found 3 plugins.
Preloading 0 native plugins for Editor in 0.00 ms.
Mono: successfully reloaded assembly
- Completed reload, in  0.966 seconds
Platform modules already initialized, skipping
Refreshing native plugins compatible for Editor in 0.70 ms, found 3 plugins.
Preloading 0 native plugins for Editor in 0.00 ms.
Unloading 2077 Unused Serialized files (Serialized files now loaded: 0)
System memory in use before: 94.4 MB.
System memory in use after: 94.3 MB.

Unloading 21 unused Assets to reduce memory usage. Loaded Objects now: 2671.
Total: 3.355800 ms (FindLiveObjects: 0.308400 ms CreateObjectMapping: 0.100100 ms MarkObjects: 2.809500 ms  DeleteObjects: 0.136000 ms)

========================================================================
Received Prepare
Registering precompiled user dll's ...
Registered in 0.003537 seconds.
Begin MonoManager ReloadAssembly
Native extension for WindowsStandalone target not found
Refreshing native plugins compatible for Editor in 0.48 ms, found 3 plugins.
Preloading 0 native plugins for Editor in 0.00 ms.
Mono: successfully reloaded assembly
- Completed reload, in  0.950 seconds
Platform modules already initialized, skipping
Refreshing native plugins compatible for Editor in 0.47 ms, found 3 plugins.
Preloading 0 native plugins for Editor in 0.00 ms.
Unloading 2077 Unused Serialized files (Serialized files now loaded: 0)
System memory in use before: 94.4 MB.
System memory in use after: 94.3 MB.

Unloading 21 unused Assets to reduce memory usage. Loaded Objects now: 2675.
Total: 2.955500 ms (FindLiveObjects: 0.288900 ms CreateObjectMapping: 0.055300 ms MarkObjects: 2.473600 ms  DeleteObjects: 0.135300 ms)

